Base path: E:/Program Files/Unity4.6.3/Editor/Data
Pipe name: \\.\pipe\UnityShaderCompiler-2-5940
Cmd: getPlatforms
Cmd: compileSnippet
  api=4 type=0 insize=876 outsize=1193 kw= ok=1
Cmd: compileSnippet
  api=8 type=0 insize=876 outsize=1690 kw= ok=1
Cmd: compileSnippet
  api=4 type=1 insize=876 outsize=754 kw= ok=1
Cmd: compileSnippet
  api=4 type=0 insize=1770 outsize=1697 kw= ok=1
Cmd: compileSnippet
  api=8 type=0 insize=1770 outsize=2430 kw= ok=1
Cmd: compileSnippet
  api=4 type=1 insize=1770 outsize=1290 kw= ok=1
Cmd: compileSnippet
  api=8 type=1 insize=1770 outsize=2040 kw= ok=1
Cmd: compileSnippet
  api=4 type=0 insize=1381 outsize=1388 kw= ok=1
Cmd: compileSnippet
  api=8 type=0 insize=1381 outsize=1950 kw= ok=1
Cmd: compileSnippet
  api=4 type=1 insize=1381 outsize=1737 kw= ok=1
Cmd: compileSnippet
  api=4 type=0 insize=2301 outsize=2265 kw= ok=1
Cmd: compileSnippet
  api=4 type=1 insize=2301 outsize=1892 kw= ok=1
Cmd: compileSnippet
  api=4 type=0 insize=2154 outsize=2078 kw= ok=1
Cmd: compileSnippet
  api=4 type=1 insize=2154 outsize=1632 kw= ok=1
Cmd: compileSnippet
  api=4 type=0 insize=1401 outsize=1575 kw= ok=1
Cmd: compileSnippet
  api=8 type=0 insize=1401 outsize=2186 kw= ok=1
Cmd: compileSnippet
  api=4 type=1 insize=1401 outsize=1428 kw= ok=1
Cmd: compileSnippet
  api=4 type=0 insize=1788 outsize=1697 kw= ok=1
Cmd: compileSnippet
  api=4 type=1 insize=1788 outsize=1290 kw= ok=1
Cmd: compileSnippet
  api=4 type=0 insize=2219 outsize=2078 kw= ok=1
Cmd: compileSnippet
  api=8 type=0 insize=2219 outsize=2958 kw= ok=1
Cmd: compileSnippet
  api=4 type=1 insize=2219 outsize=1591 kw= ok=1
Cmd: compileSnippet
  api=8 type=1 insize=2219 outsize=2584 kw= ok=1
Cmd: compileSnippet
  api=4 type=0 insize=1852 outsize=1697 kw= ok=1
Cmd: compileSnippet
  api=8 type=0 insize=1852 outsize=2430 kw= ok=1
Cmd: compileSnippet
  api=4 type=1 insize=1852 outsize=1250 kw= ok=1
Cmd: compileSnippet
  api=4 type=0 insize=1097 outsize=1510 kw= ok=1
Cmd: compileSnippet
  api=8 type=0 insize=1097 outsize=2162 kw= ok=1
Cmd: compileSnippet
  api=4 type=1 insize=1097 outsize=1055 kw= ok=1
Cmd: compileSnippet
  api=4 type=0 insize=924 outsize=1193 kw= ok=1
Cmd: compileSnippet
  api=8 type=0 insize=924 outsize=1690 kw= ok=1
Cmd: compileSnippet
  api=4 type=1 insize=924 outsize=795 kw= ok=1
Cmd: compileSnippet
  api=4 type=0 insize=1179 outsize=1510 kw= ok=1
Cmd: compileSnippet
  api=8 type=0 insize=1179 outsize=2162 kw= ok=1
Cmd: compileSnippet
  api=0 type=1 insize=1179 outsize=218 kw= ok=1
Cmd: compileSnippet
  api=0 type=0 insize=2137 outsize=863 kw= ok=1
Cmd: compileSnippet
  api=0 type=1 insize=2137 outsize=596 kw= ok=1
Cmd: compileSnippet
  api=8 type=1 insize=2137 outsize=2592 kw= ok=1
Cmd: compileSnippet
  api=0 type=0 insize=1060 outsize=407 kw= ok=1
Cmd: compileSnippet
  api=0 type=1 insize=1060 outsize=244 kw= ok=1
Cmd: compileSnippet
  api=8 type=1 insize=1060 outsize=1471 kw= ok=1
Cmd: compileSnippet
  api=0 type=0 insize=1329 outsize=441 kw= ok=1
Cmd: compileSnippet
  api=4 type=1 insize=1329 outsize=1128 kw= ok=1
Cmd: compileSnippet
  api=4 type=0 insize=1252 outsize=1388 kw= ok=1
Cmd: compileSnippet
  api=8 type=0 insize=1252 outsize=1950 kw= ok=1
Cmd: compileSnippet
  api=0 type=1 insize=1252 outsize=365 kw= ok=1
Cmd: compileSnippet
  api=8 type=1 insize=1252 outsize=1715 kw= ok=1
Cmd: compileSnippet
  api=0 type=0 insize=1934 outsize=707 kw= ok=1
Cmd: compileSnippet
  api=0 type=1 insize=1934 outsize=546 kw= ok=1
Cmd: compileSnippet
  api=8 type=1 insize=1934 outsize=2422 kw= ok=1
Cmd: compileSnippet
  api=0 type=0 insize=1237 outsize=441 kw= ok=1
Cmd: compileSnippet
  api=4 type=1 insize=1237 outsize=1168 kw= ok=1
Cmd: compileSnippet
  api=4 type=0 insize=2284 outsize=2078 kw= ok=1
Cmd: compileSnippet
  api=8 type=0 insize=2284 outsize=2958 kw= ok=1
Cmd: compileSnippet
  api=0 type=1 insize=2284 outsize=829 kw= ok=1
Cmd: compileSnippet
  api=4 type=1 insize=2284 outsize=2257 kw= ok=1
Cmd: compileSnippet
  api=0 type=0 insize=1260 outsize=441 kw= ok=1
Cmd: compileSnippet
  api=0 type=1 insize=1260 outsize=535 kw= ok=1
Cmd: compileSnippet
  api=8 type=1 insize=1260 outsize=2535 kw= ok=1
Cmd: compileSnippet
  api=4 type=0 insize=882 outsize=1193 kw= ok=1
Cmd: compileSnippet
  api=8 type=0 insize=882 outsize=1690 kw= ok=1
Cmd: compileSnippet
  api=4 type=1 insize=882 outsize=754 kw= ok=1
Cmd: compileSnippet
  api=4 type=0 insize=1099 outsize=1510 kw= ok=1
Cmd: compileSnippet
  api=8 type=0 insize=1099 outsize=2162 kw= ok=1
Cmd: compileSnippet
  api=4 type=1 insize=1099 outsize=1055 kw= ok=1
Cmd: compileSnippet
  api=4 type=0 insize=1051 outsize=1193 kw= ok=1
Cmd: compileSnippet
  api=8 type=0 insize=1051 outsize=1690 kw= ok=1
Cmd: compileSnippet
  api=4 type=1 insize=1051 outsize=1363 kw= ok=1
Cmd: compileSnippet
  api=4 type=0 insize=1917 outsize=1697 kw= ok=1
Cmd: compileSnippet
  api=8 type=0 insize=1917 outsize=2430 kw= ok=1
Cmd: compileSnippet
  api=4 type=1 insize=1917 outsize=1916 kw= ok=1
Unhandled exception: Readfile from pipe failed. GLE=管道已结束。


Quitting shader compiler process
